{
  "RSpec": {
    "coverage": {
      "/home/ubuntu/workspace/app/controllers/participants_controller.rb": [
        1,
        1,
        1,
        null,
        null,
        1,
        1,
        0,
        null,
        null
      ],
      "/home/ubuntu/workspace/app/controllers/application_controller.rb": [
        1,
        null
      ],
      "/home/ubuntu/workspace/spec/helpers/participants_helper_spec.rb": [
        1,
        null,
        null,
        null,
        null,
        null,
        null,
        null,
        null,
        null,
        null,
        null,
        1,
        1,
        null
      ],
      "/home/ubuntu/workspace/spec/models/participant_spec.rb": [
        1,
        null,
        1,
        1,
        1,
        1,
        1,
        null,
        null,
        1,
        1,
        1,
        null,
        null,
        1,
        1,
        1,
        null,
        null,
        null,
        null,
        null
      ],
      "/home/ubuntu/workspace/app/models/participant.rb": [
        1,
        1,
        1,
        1,
        1,
        null,
        1,
        1,
        0,
        null,
        null,
        null
      ],
      "/home/ubuntu/workspace/app/models/application_record.rb": [
        1,
        1,
        null
      ],
      "/home/ubuntu/workspace/spec/views/participants/import.html.erb_spec.rb": [
        1,
        null,
        1,
        1,
        null
      ],
      "/home/ubuntu/workspace/spec/views/participants/index.html.erb_spec.rb": [
        1,
        null,
        1,
        1,
        null
      ]
    },
    "timestamp": 1531238815
  }
}
